{"/Users/tien/Desktop/generic-rpg/src/js/game.js": {"path":"/Users/tien/Desktop/generic-rpg/src/js/game.js","statementMap":{"0":{"start":{"line":3,"column":4},"end":{"line":3,"column":27}}},"fnMap":{"0":{"name":"(anonymous_0)","decl":{"start":{"line":2,"column":2},"end":{"line":2,"column":3}},"loc":{"start":{"line":2,"column":23},"end":{"line":4,"column":3}},"line":2}},"branchMap":{},"s":{"0":1},"f":{"0":1},"b":{},"_coverageSchema":"43e27e138ebf9cfc5966b082cf9a028302ed4184","hash":"58c471ea49fb74e264aff5f4af445ba69dbf79b2"}
}
